TN:
SF:src\App.jsx
FN:7,(anonymous_0)
FN:14,(anonymous_1)
FN:35,(anonymous_2)
FN:36,(anonymous_3)
FN:47,App
FN:48,(anonymous_5)
FN:55,(anonymous_6)
FN:59,(anonymous_7)
FN:65,(anonymous_8)
FN:69,(anonymous_9)
FN:73,(anonymous_10)
FN:78,(anonymous_11)
FN:78,(anonymous_12)
FN:80,(anonymous_13)
FN:84,(anonymous_14)
FN:85,(anonymous_15)
FN:90,(anonymous_16)
FN:91,(anonymous_17)
FN:94,(anonymous_18)
FN:95,(anonymous_19)
FN:100,(anonymous_20)
FN:101,(anonymous_21)
FN:104,(anonymous_22)
FN:111,(anonymous_23)
FN:112,(anonymous_24)
FN:113,(anonymous_25)
FN:115,(anonymous_26)
FN:116,(anonymous_27)
FN:126,(anonymous_28)
FN:128,(anonymous_29)
FN:133,(anonymous_30)
FN:134,(anonymous_31)
FN:135,(anonymous_32)
FN:136,(anonymous_33)
FN:138,(anonymous_34)
FN:142,(anonymous_35)
FN:153,(anonymous_36)
FN:155,(anonymous_37)
FN:162,(anonymous_38)
FN:178,(anonymous_39)
FN:190,(anonymous_40)
FN:196,(anonymous_41)
FN:197,(anonymous_42)
FN:202,(anonymous_43)
FN:212,(anonymous_44)
FN:216,(anonymous_45)
FN:227,(anonymous_46)
FN:231,(anonymous_47)
FN:238,(anonymous_48)
FN:281,(anonymous_49)
FN:285,(anonymous_50)
FN:289,(anonymous_51)
FN:313,(anonymous_52)
FN:317,(anonymous_53)
FN:318,(anonymous_54)
FN:319,(anonymous_55)
FN:320,(anonymous_56)
FN:322,(anonymous_57)
FNF:58
FNH:38
FNDA:50,(anonymous_0)
FNDA:25,(anonymous_1)
FNDA:0,(anonymous_2)
FNDA:0,(anonymous_3)
FNDA:25,App
FNDA:8,(anonymous_5)
FNDA:8,(anonymous_6)
FNDA:8,(anonymous_7)
FNDA:23,(anonymous_8)
FNDA:8,(anonymous_9)
FNDA:8,(anonymous_10)
FNDA:0,(anonymous_11)
FNDA:0,(anonymous_12)
FNDA:9,(anonymous_13)
FNDA:3,(anonymous_14)
FNDA:5,(anonymous_15)
FNDA:1,(anonymous_16)
FNDA:1,(anonymous_17)
FNDA:1,(anonymous_18)
FNDA:1,(anonymous_19)
FNDA:1,(anonymous_20)
FNDA:2,(anonymous_21)
FNDA:0,(anonymous_22)
FNDA:0,(anonymous_23)
FNDA:0,(anonymous_24)
FNDA:0,(anonymous_25)
FNDA:0,(anonymous_26)
FNDA:0,(anonymous_27)
FNDA:23,(anonymous_28)
FNDA:18,(anonymous_29)
FNDA:25,(anonymous_30)
FNDA:22,(anonymous_31)
FNDA:2,(anonymous_32)
FNDA:2,(anonymous_33)
FNDA:0,(anonymous_34)
FNDA:4,(anonymous_35)
FNDA:22,(anonymous_36)
FNDA:22,(anonymous_37)
FNDA:0,(anonymous_38)
FNDA:0,(anonymous_39)
FNDA:0,(anonymous_40)
FNDA:75,(anonymous_41)
FNDA:66,(anonymous_42)
FNDA:0,(anonymous_43)
FNDA:0,(anonymous_44)
FNDA:22,(anonymous_45)
FNDA:22,(anonymous_46)
FNDA:22,(anonymous_47)
FNDA:0,(anonymous_48)
FNDA:0,(anonymous_49)
FNDA:1,(anonymous_50)
FNDA:1,(anonymous_51)
FNDA:20,(anonymous_52)
FNDA:3,(anonymous_53)
FNDA:1,(anonymous_54)
FNDA:1,(anonymous_55)
FNDA:0,(anonymous_56)
FNDA:0,(anonymous_57)
DA:7,1
DA:8,50
DA:9,50
DA:10,50
DA:11,50
DA:14,1
DA:15,25
DA:16,25
DA:17,25
DA:18,25
DA:19,25
DA:20,25
DA:21,25
DA:22,25
DA:24,25
DA:25,0
DA:26,0
DA:28,0
DA:30,0
DA:31,0
DA:35,1
DA:36,0
DA:48,25
DA:49,8
DA:50,8
DA:52,25
DA:53,25
DA:54,25
DA:55,25
DA:56,8
DA:57,8
DA:59,25
DA:60,8
DA:62,25
DA:63,25
DA:65,25
DA:66,23
DA:69,25
DA:70,8
DA:73,25
DA:74,8
DA:75,8
DA:78,25
DA:80,25
DA:81,9
DA:84,25
DA:85,3
DA:86,5
DA:90,25
DA:91,1
DA:94,25
DA:95,1
DA:96,1
DA:100,25
DA:101,2
DA:104,25
DA:105,0
DA:106,0
DA:111,25
DA:112,25
DA:113,25
DA:114,0
DA:115,0
DA:116,0
DA:117,0
DA:118,0
DA:119,0
DA:120,0
DA:121,0
DA:122,0
DA:126,25
DA:127,23
DA:128,23
DA:129,23
DA:133,25
DA:134,25
DA:135,25
DA:136,25
DA:137,25
DA:138,0
DA:141,25
DA:142,25
DA:143,4
DA:144,2
DA:145,2
DA:146,2
DA:147,2
DA:148,2
DA:150,25
DA:153,25
DA:154,25
DA:155,25
DA:156,25
DA:157,25
DA:159,25
DA:162,0
DA:178,0
DA:190,0
DA:197,75
DA:198,75
DA:202,0
DA:212,0
DA:216,22
DA:227,22
DA:231,22
DA:238,0
DA:281,0
DA:285,1
DA:289,1
DA:314,20
DA:317,3
DA:318,1
DA:319,1
DA:320,0
DA:322,0
LF:115
LH:88
BRDA:15,0,0,0
BRDA:15,0,1,25
BRDA:24,1,0,25
BRDA:24,1,1,0
BRDA:25,2,0,0
BRDA:25,2,1,0
BRDA:26,3,0,0
BRDA:26,3,1,0
BRDA:50,4,0,0
BRDA:50,4,1,8
BRDA:57,5,0,0
BRDA:57,5,1,8
BRDA:60,6,0,8
BRDA:60,6,1,8
BRDA:78,7,0,0
BRDA:78,7,1,0
BRDA:86,8,0,3
BRDA:86,8,1,2
BRDA:96,9,0,1
BRDA:96,9,1,0
BRDA:105,10,0,0
BRDA:105,10,1,0
BRDA:114,11,0,0
BRDA:114,11,1,0
BRDA:114,12,0,0
BRDA:114,12,1,0
BRDA:117,13,0,0
BRDA:117,13,1,0
BRDA:117,14,0,0
BRDA:117,14,1,0
BRDA:128,15,0,18
BRDA:128,15,1,0
BRDA:135,16,0,1
BRDA:135,16,1,24
BRDA:136,17,0,1
BRDA:136,17,1,24
BRDA:137,18,0,0
BRDA:137,18,1,25
BRDA:143,19,0,2
BRDA:143,19,1,2
BRDA:143,20,0,1
BRDA:143,20,1,1
BRDA:144,21,0,0
BRDA:144,21,1,2
BRDA:145,22,0,0
BRDA:145,22,1,2
BRDA:145,23,0,2
BRDA:145,23,1,0
BRDA:146,24,0,0
BRDA:146,24,1,2
BRDA:147,25,0,0
BRDA:147,25,1,2
BRDA:157,26,0,9
BRDA:157,26,1,16
BRDA:163,27,0,0
BRDA:163,27,1,25
BRDA:167,28,0,0
BRDA:167,28,1,25
BRDA:189,29,0,25
BRDA:189,29,1,0
BRDA:201,30,0,0
BRDA:201,30,1,75
BRDA:211,31,0,0
BRDA:211,31,1,25
BRDA:238,32,0,25
BRDA:238,32,1,0
BRDA:247,33,0,25
BRDA:247,33,1,16
BRDA:278,34,0,25
BRDA:278,34,1,16
BRDA:280,35,0,14
BRDA:280,35,1,2
BRDA:284,36,0,1
BRDA:284,36,1,15
BRDA:288,37,0,1
BRDA:288,37,1,15
BRDA:296,38,0,9
BRDA:296,38,1,16
BRDA:299,39,0,9
BRDA:299,39,1,0
BRDA:299,40,0,0
BRDA:299,40,1,0
BRDA:302,41,0,9
BRDA:302,41,1,0
BRDA:304,42,0,0
BRDA:304,42,1,0
BRDA:308,43,0,9
BRDA:308,43,1,9
BRDA:329,44,0,25
BRDA:329,44,1,5
BRF:90
BRH:50
end_of_record
TN:
SF:src\components\CalendarWidget.jsx
FN:9,CalendarWidget
FN:23,(anonymous_1)
FN:32,(anonymous_2)
FN:41,(anonymous_3)
FN:47,(anonymous_4)
FN:71,(anonymous_5)
FN:93,(anonymous_6)
FNF:7
FNH:3
FNDA:25,CalendarWidget
FNDA:0,(anonymous_1)
FNDA:0,(anonymous_2)
FNDA:0,(anonymous_3)
FNDA:1550,(anonymous_4)
FNDA:0,(anonymous_5)
FNDA:175,(anonymous_6)
DA:3,1
DA:4,1
DA:10,25
DA:11,25
DA:13,25
DA:14,25
DA:15,25
DA:17,25
DA:18,25
DA:19,25
DA:21,25
DA:23,25
DA:24,0
DA:25,0
DA:26,0
DA:28,0
DA:32,25
DA:33,0
DA:34,0
DA:35,0
DA:37,0
DA:41,25
DA:42,0
DA:43,0
DA:44,0
DA:47,25
DA:48,1550
DA:49,1550
DA:50,1550
DA:51,1550
DA:54,25
DA:55,25
DA:56,150
DA:58,25
DA:59,775
DA:60,775
DA:61,775
DA:62,775
DA:63,775
DA:65,775
DA:66,775
DA:67,775
DA:68,775
DA:70,775
DA:71,0
DA:78,775
DA:94,175
LF:47
LH:35
BRDA:13,0,0,25
BRDA:13,0,1,0
BRDA:19,1,0,25
BRDA:19,1,1,0
BRDA:24,2,0,0
BRDA:24,2,1,0
BRDA:33,3,0,0
BRDA:33,3,1,0
BRDA:63,4,0,775
BRDA:63,4,1,775
BRDA:66,5,0,25
BRDA:66,5,1,750
BRDA:67,6,0,25
BRDA:67,6,1,750
BRDA:68,7,0,16
BRDA:68,7,1,759
BRDA:73,8,0,775
BRDA:73,8,1,16
BRF:18
BRH:12
end_of_record
TN:
SF:src\components\TaskForm.jsx
FN:9,TaskForm
FN:19,(anonymous_1)
FN:40,(anonymous_2)
FN:49,(anonymous_3)
FN:63,(anonymous_4)
FN:71,(anonymous_5)
FN:97,(anonymous_6)
FN:111,(anonymous_7)
FN:118,(anonymous_8)
FN:127,(anonymous_9)
FN:141,(anonymous_10)
FN:146,(anonymous_11)
FN:164,(anonymous_12)
FN:168,(anonymous_13)
FN:176,(anonymous_14)
FNF:15
FNH:3
FNDA:156,TaskForm
FNDA:9,(anonymous_1)
FNDA:0,(anonymous_2)
FNDA:0,(anonymous_3)
FNDA:131,(anonymous_4)
FNDA:0,(anonymous_5)
FNDA:0,(anonymous_6)
FNDA:0,(anonymous_7)
FNDA:0,(anonymous_8)
FNDA:0,(anonymous_9)
FNDA:0,(anonymous_10)
FNDA:0,(anonymous_11)
FNDA:0,(anonymous_12)
FNDA:0,(anonymous_13)
FNDA:0,(anonymous_14)
DA:3,1
DA:10,156
DA:11,156
DA:12,156
DA:13,156
DA:14,156
DA:15,156
DA:16,156
DA:17,156
DA:19,156
DA:20,9
DA:21,9
DA:22,9
DA:33,9
DA:34,9
DA:35,9
DA:36,9
DA:37,9
DA:40,156
DA:41,0
DA:42,0
DA:43,0
DA:44,0
DA:46,0
DA:49,156
DA:50,0
DA:51,0
DA:52,0
DA:56,156
DA:63,131
DA:71,0
DA:97,0
DA:111,0
DA:118,0
DA:127,0
DA:142,0
DA:146,0
DA:164,0
DA:169,0
DA:176,0
LF:40
LH:22
BRDA:11,0,0,156
BRDA:11,0,1,0
BRDA:21,1,0,0
BRDA:21,1,1,9
BRDA:26,2,0,9
BRDA:26,2,1,0
BRDA:27,3,0,9
BRDA:27,3,1,0
BRDA:30,4,0,9
BRDA:30,4,1,9
BRDA:42,5,0,0
BRDA:42,5,1,0
BRDA:42,6,0,0
BRDA:42,6,1,0
BRDA:50,7,0,0
BRDA:50,7,1,0
BRDA:70,8,0,0
BRDA:70,8,1,156
BRDA:86,9,0,156
BRDA:86,9,1,0
BRDA:110,10,0,0
BRDA:110,10,1,0
BRDA:117,11,0,0
BRDA:117,11,1,0
BRDA:123,12,0,0
BRDA:123,12,1,0
BRDA:145,13,0,0
BRDA:145,13,1,0
BRF:28
BRH:8
end_of_record
TN:
SF:src\components\TaskItem.jsx
FN:9,TaskItem
FN:14,(anonymous_1)
FN:20,(anonymous_2)
FN:27,(anonymous_3)
FN:37,(anonymous_4)
FN:73,(anonymous_5)
FNF:6
FNH:6
FNDA:33,TaskItem
FNDA:12,(anonymous_1)
FNDA:1,(anonymous_2)
FNDA:1,(anonymous_3)
FNDA:12,(anonymous_4)
FNDA:12,(anonymous_5)
DA:3,1
DA:10,33
DA:11,33
DA:12,33
DA:14,33
DA:15,12
DA:16,1
DA:20,33
DA:21,1
DA:22,1
DA:23,1
DA:27,33
DA:28,1
DA:29,1
DA:30,1
DA:32,0
DA:34,1
DA:37,33
DA:38,12
DA:39,12
DA:40,0
DA:41,0
DA:45,33
DA:47,33
DA:73,12
LF:25
LH:22
BRDA:15,0,0,1
BRDA:15,0,1,11
BRDA:15,1,0,12
BRDA:15,1,1,1
BRDA:21,2,0,1
BRDA:21,2,1,0
BRDA:29,3,0,1
BRDA:29,3,1,0
BRDA:29,4,0,1
BRDA:29,4,1,1
BRDA:38,5,0,1
BRDA:38,5,1,11
BRDA:39,6,0,0
BRDA:39,6,1,12
BRDA:45,7,0,33
BRDA:45,7,1,0
BRDA:49,8,0,4
BRDA:49,8,1,29
BRDA:49,9,0,0
BRDA:49,9,1,33
BRDA:49,10,0,33
BRDA:49,10,1,0
BRDA:60,11,0,4
BRDA:60,11,1,29
BRDA:61,12,0,33
BRDA:61,12,1,4
BRDA:67,13,0,13
BRDA:67,13,1,20
BRDA:87,14,0,33
BRDA:87,14,1,0
BRDA:87,14,2,0
BRDA:93,15,0,33
BRDA:93,15,1,33
BRDA:98,16,0,33
BRDA:98,16,1,0
BRF:35
BRH:26
end_of_record
TN:
SF:src\components\ThemeToggle.jsx
FN:1,ThemeToggle
FNF:1
FNH:1
FNDA:25,ThemeToggle
DA:2,25
LF:1
LH:1
BRDA:5,0,0,0
BRDA:5,0,1,25
BRF:2
BRH:1
end_of_record
